This file contains any messages produced by compilers while
running configure, to aid debugging if configure makes a mistake.

It was created by Haskell CUDA BLAS bindings configure 0.1.0.0, which was
generated by GNU Autoconf 2.69.  Invocation command line was

  $ configure --with-compiler=ghc --prefix=/storage/home/james/haskell/symdiff/.cabal-sandbox --bindir=/storage/home/james/haskell/symdiff/.cabal-sandbox/bin --libdir=/storage/home/james/haskell/symdiff/.cabal-sandbox/lib --libexecdir=/storage/home/james/haskell/symdiff/.cabal-sandbox/libexec --datadir=/storage/home/james/haskell/symdiff/.cabal-sandbox/share --sysconfdir=/storage/home/james/haskell/symdiff/.cabal-sandbox/etc

## --------- ##
## Platform. ##
## --------- ##

hostname = desktop2
uname -m = x86_64
uname -r = 3.13.0-32-generic
uname -s = Linux
uname -v = #57-Ubuntu SMP Tue Jul 15 03:51:08 UTC 2014

/usr/bin/uname -p = unknown
/bin/uname -X     = unknown

/bin/arch              = unknown
/usr/bin/arch -k       = unknown
/usr/convex/getsysinfo = unknown
/usr/bin/hostinfo      = unknown
/bin/machine           = unknown
/usr/bin/oslevel       = unknown
/bin/universe          = unknown

PATH: /storage/home/james/haskell/symdiff/.cabal-sandbox/bin
PATH: /opt/torch/install/bin
PATH: /usr/local/cuda/bin
PATH: /opt/openmpi/bin
PATH: /opt/torch/install/bin
PATH: /usr/local/cuda/bin
PATH: /opt/openmpi/bin
PATH: /usr/local/sbin
PATH: /usr/local/bin
PATH: /usr/sbin
PATH: /usr/bin
PATH: /sbin
PATH: /bin
PATH: /usr/games
PATH: /usr/local/games
PATH: /usr/local/cuda/bin
PATH: /opt/ghc/7.8.4/bin
PATH: /opt/cabal/1.22/bin/
PATH: /home/james/.cabal/bin


## ----------- ##
## Core tests. ##
## ----------- ##

configure:2093: checking for gcc
configure:2120: result: /usr/bin/gcc
configure:2349: checking for C compiler version
configure:2358: /usr/bin/gcc --version >&5
gcc (Ubuntu 4.8.4-2ubuntu1~14.04) 4.8.4
Copyright (C) 2013 Free Software Foundation, Inc.
This is free software; see the source for copying conditions.  There is NO
warranty; not even for MERCHANTABILITY or FITNESS FOR A PARTICULAR PURPOSE.

configure:2369: $? = 0
configure:2358: /usr/bin/gcc -v >&5
Using built-in specs.
COLLECT_GCC=/usr/bin/gcc
COLLECT_LTO_WRAPPER=/usr/lib/gcc/x86_64-linux-gnu/4.8/lto-wrapper
Target: x86_64-linux-gnu
Configured with: ../src/configure -v --with-pkgversion='Ubuntu 4.8.4-2ubuntu1~14.04' --with-bugurl=file:///usr/share/doc/gcc-4.8/README.Bugs --enable-languages=c,c++,java,go,d,fortran,objc,obj-c++ --prefix=/usr --program-suffix=-4.8 --enable-shared --enable-linker-build-id --libexecdir=/usr/lib --without-included-gettext --enable-threads=posix --with-gxx-include-dir=/usr/include/c++/4.8 --libdir=/usr/lib --enable-nls --with-sysroot=/ --enable-clocale=gnu --enable-libstdcxx-debug --enable-libstdcxx-time=yes --enable-gnu-unique-object --disable-libmudflap --enable-plugin --with-system-zlib --disable-browser-plugin --enable-java-awt=gtk --enable-gtk-cairo --with-java-home=/usr/lib/jvm/java-1.5.0-gcj-4.8-amd64/jre --enable-java-home --with-jvm-root-dir=/usr/lib/jvm/java-1.5.0-gcj-4.8-amd64 --with-jvm-jar-dir=/usr/lib/jvm-exports/java-1.5.0-gcj-4.8-amd64 --with-arch-directory=amd64 --with-ecj-jar=/usr/share/java/eclipse-ecj.jar --enable-objc-gc --enable-multiarch --disable-werror --with-arch-32=i686 --with-abi=m64 --with-multilib-list=m32,m64,mx32 --with-tune=generic --enable-checking=release --build=x86_64-linux-gnu --host=x86_64-linux-gnu --target=x86_64-linux-gnu
Thread model: posix
gcc version 4.8.4 (Ubuntu 4.8.4-2ubuntu1~14.04) 
configure:2369: $? = 0
configure:2358: /usr/bin/gcc -V >&5
gcc: error: unrecognized command line option '-V'
gcc: fatal error: no input files
compilation terminated.
configure:2369: $? = 4
configure:2358: /usr/bin/gcc -qversion >&5
gcc: error: unrecognized command line option '-qversion'
gcc: fatal error: no input files
compilation terminated.
configure:2369: $? = 4
configure:2389: checking whether the C compiler works
configure:2411: /usr/bin/gcc    conftest.c  >&5
configure:2415: $? = 0
configure:2463: result: yes
configure:2466: checking for C compiler default output file name
configure:2468: result: a.out
configure:2474: checking for suffix of executables
configure:2481: /usr/bin/gcc -o conftest    conftest.c  >&5
configure:2485: $? = 0
configure:2507: result: 
configure:2529: checking whether we are cross compiling
configure:2537: /usr/bin/gcc -o conftest    conftest.c  >&5
configure:2541: $? = 0
configure:2548: ./conftest
configure:2552: $? = 0
configure:2567: result: no
configure:2572: checking for suffix of object files
configure:2594: /usr/bin/gcc -c   conftest.c >&5
configure:2598: $? = 0
configure:2619: result: o
configure:2623: checking whether we are using the GNU C compiler
configure:2642: /usr/bin/gcc -c   conftest.c >&5
configure:2642: $? = 0
configure:2651: result: yes
configure:2660: checking whether /usr/bin/gcc accepts -g
configure:2680: /usr/bin/gcc -c -g  conftest.c >&5
configure:2680: $? = 0
configure:2721: result: yes
configure:2738: checking for /usr/bin/gcc option to accept ISO C89
configure:2801: /usr/bin/gcc  -c   conftest.c >&5
configure:2801: $? = 0
configure:2814: result: none needed
configure:2870: checking build system type
configure:2884: result: x86_64-unknown-linux-gnu
configure:2904: checking host system type
configure:2917: result: x86_64-unknown-linux-gnu
configure:2937: checking target system type
configure:2950: result: x86_64-unknown-linux-gnu
configure:2983: checking for nvcc
configure:3001: found /usr/local/cuda/bin/nvcc
configure:3013: result: /usr/local/cuda/bin/nvcc
configure:3040: checking for Apple Blocks extension
configure:3050: result: no
configure:3087: checking how to run the C preprocessor
configure:3118: /usr/bin/gcc -E  -I/usr/local/cuda/include  conftest.c
configure:3118: $? = 0
configure:3132: /usr/bin/gcc -E  -I/usr/local/cuda/include  conftest.c
conftest.c:9:28: fatal error: ac_nonexistent.h: No such file or directory
 #include <ac_nonexistent.h>
                            ^
compilation terminated.
configure:3132: $? = 1
configure: failed program was:
| /* confdefs.h */
| #define PACKAGE_NAME "Haskell CUDA BLAS bindings"
| #define PACKAGE_TARNAME "cublas"
| #define PACKAGE_VERSION "0.1.0.0"
| #define PACKAGE_STRING "Haskell CUDA BLAS bindings 0.1.0.0"
| #define PACKAGE_BUGREPORT "tmcdonell@cse.unsw.edu.au"
| #define PACKAGE_URL ""
| /* end confdefs.h.  */
| #include <ac_nonexistent.h>
configure:3157: result: /usr/bin/gcc -E
configure:3177: /usr/bin/gcc -E  -I/usr/local/cuda/include  conftest.c
configure:3177: $? = 0
configure:3191: /usr/bin/gcc -E  -I/usr/local/cuda/include  conftest.c
conftest.c:9:28: fatal error: ac_nonexistent.h: No such file or directory
 #include <ac_nonexistent.h>
                            ^
compilation terminated.
configure:3191: $? = 1
configure: failed program was:
| /* confdefs.h */
| #define PACKAGE_NAME "Haskell CUDA BLAS bindings"
| #define PACKAGE_TARNAME "cublas"
| #define PACKAGE_VERSION "0.1.0.0"
| #define PACKAGE_STRING "Haskell CUDA BLAS bindings 0.1.0.0"
| #define PACKAGE_BUGREPORT "tmcdonell@cse.unsw.edu.au"
| #define PACKAGE_URL ""
| /* end confdefs.h.  */
| #include <ac_nonexistent.h>
configure:3220: checking for grep that handles long lines and -e
configure:3278: result: /bin/grep
configure:3283: checking for egrep
configure:3345: result: /bin/grep -E
configure:3350: checking for ANSI C header files
configure:3370: /usr/bin/gcc -c   -I/usr/local/cuda/include  conftest.c >&5
configure:3370: $? = 0
configure:3443: /usr/bin/gcc -o conftest   -I/usr/local/cuda/include   -L/usr/local/cuda/lib64  conftest.c  >&5
configure:3443: $? = 0
configure:3443: ./conftest
configure:3443: $? = 0
configure:3454: result: yes
configure:3467: checking for sys/types.h
configure:3467: /usr/bin/gcc -c   -I/usr/local/cuda/include  conftest.c >&5
configure:3467: $? = 0
configure:3467: result: yes
configure:3467: checking for sys/stat.h
configure:3467: /usr/bin/gcc -c   -I/usr/local/cuda/include  conftest.c >&5
configure:3467: $? = 0
configure:3467: result: yes
configure:3467: checking for stdlib.h
configure:3467: /usr/bin/gcc -c   -I/usr/local/cuda/include  conftest.c >&5
configure:3467: $? = 0
configure:3467: result: yes
configure:3467: checking for string.h
configure:3467: /usr/bin/gcc -c   -I/usr/local/cuda/include  conftest.c >&5
configure:3467: $? = 0
configure:3467: result: yes
configure:3467: checking for memory.h
configure:3467: /usr/bin/gcc -c   -I/usr/local/cuda/include  conftest.c >&5
configure:3467: $? = 0
configure:3467: result: yes
configure:3467: checking for strings.h
configure:3467: /usr/bin/gcc -c   -I/usr/local/cuda/include  conftest.c >&5
configure:3467: $? = 0
configure:3467: result: yes
configure:3467: checking for inttypes.h
configure:3467: /usr/bin/gcc -c   -I/usr/local/cuda/include  conftest.c >&5
configure:3467: $? = 0
configure:3467: result: yes
configure:3467: checking for stdint.h
configure:3467: /usr/bin/gcc -c   -I/usr/local/cuda/include  conftest.c >&5
configure:3467: $? = 0
configure:3467: result: yes
configure:3467: checking for unistd.h
configure:3467: /usr/bin/gcc -c   -I/usr/local/cuda/include  conftest.c >&5
configure:3467: $? = 0
configure:3467: result: yes
configure:3481: checking cublas_v2.h usability
configure:3481: /usr/bin/gcc -c   -I/usr/local/cuda/include  conftest.c >&5
configure:3481: $? = 0
configure:3481: result: yes
configure:3481: checking cublas_v2.h presence
configure:3481: /usr/bin/gcc -E  -I/usr/local/cuda/include  conftest.c
configure:3481: $? = 0
configure:3481: result: yes
configure:3481: checking for cublas_v2.h
configure:3481: result: yes
configure:3495: checking cusparse_v2.h usability
configure:3495: /usr/bin/gcc -c   -I/usr/local/cuda/include  conftest.c >&5
configure:3495: $? = 0
configure:3495: result: yes
configure:3495: checking cusparse_v2.h presence
configure:3495: /usr/bin/gcc -E  -I/usr/local/cuda/include  conftest.c
configure:3495: $? = 0
configure:3495: result: yes
configure:3495: checking for cusparse_v2.h
configure:3495: result: yes
configure:3507: checking for library containing cublasGetVersion
configure:3538: /usr/bin/gcc -o conftest   -I/usr/local/cuda/include   -L/usr/local/cuda/lib64  conftest.c  >&5
/tmp/cc9MuR6N.o: In function `main':
conftest.c:(.text+0xa): undefined reference to `cublasGetVersion'
collect2: error: ld returned 1 exit status
configure:3538: $? = 1
configure: failed program was:
| /* confdefs.h */
| #define PACKAGE_NAME "Haskell CUDA BLAS bindings"
| #define PACKAGE_TARNAME "cublas"
| #define PACKAGE_VERSION "0.1.0.0"
| #define PACKAGE_STRING "Haskell CUDA BLAS bindings 0.1.0.0"
| #define PACKAGE_BUGREPORT "tmcdonell@cse.unsw.edu.au"
| #define PACKAGE_URL ""
| #define STDC_HEADERS 1
| #define HAVE_SYS_TYPES_H 1
| #define HAVE_SYS_STAT_H 1
| #define HAVE_STDLIB_H 1
| #define HAVE_STRING_H 1
| #define HAVE_MEMORY_H 1
| #define HAVE_STRINGS_H 1
| #define HAVE_INTTYPES_H 1
| #define HAVE_STDINT_H 1
| #define HAVE_UNISTD_H 1
| #define HAVE_CUBLAS_V2_H 1
| #define HAVE_CUSPARSE_V2_H 1
| /* end confdefs.h.  */
| 
| /* Override any GCC internal prototype to avoid an error.
|    Use char because int might match the return type of a GCC
|    builtin and then its argument prototype would still apply.  */
| #ifdef __cplusplus
| extern "C"
| #endif
| char cublasGetVersion ();
| int
| main ()
| {
| return cublasGetVersion ();
|   ;
|   return 0;
| }
configure:3538: /usr/bin/gcc -o conftest   -I/usr/local/cuda/include   -L/usr/local/cuda/lib64  conftest.c -lcublas   >&5
configure:3538: $? = 0
configure:3555: result: -lcublas
configure:3565: checking for library containing cusparseGetVersion
configure:3596: /usr/bin/gcc -o conftest   -I/usr/local/cuda/include   -L/usr/local/cuda/lib64  conftest.c -lcublas  >&5
/tmp/ccClwWM1.o: In function `main':
conftest.c:(.text+0xa): undefined reference to `cusparseGetVersion'
collect2: error: ld returned 1 exit status
configure:3596: $? = 1
configure: failed program was:
| /* confdefs.h */
| #define PACKAGE_NAME "Haskell CUDA BLAS bindings"
| #define PACKAGE_TARNAME "cublas"
| #define PACKAGE_VERSION "0.1.0.0"
| #define PACKAGE_STRING "Haskell CUDA BLAS bindings 0.1.0.0"
| #define PACKAGE_BUGREPORT "tmcdonell@cse.unsw.edu.au"
| #define PACKAGE_URL ""
| #define STDC_HEADERS 1
| #define HAVE_SYS_TYPES_H 1
| #define HAVE_SYS_STAT_H 1
| #define HAVE_STDLIB_H 1
| #define HAVE_STRING_H 1
| #define HAVE_MEMORY_H 1
| #define HAVE_STRINGS_H 1
| #define HAVE_INTTYPES_H 1
| #define HAVE_STDINT_H 1
| #define HAVE_UNISTD_H 1
| #define HAVE_CUBLAS_V2_H 1
| #define HAVE_CUSPARSE_V2_H 1
| /* end confdefs.h.  */
| 
| /* Override any GCC internal prototype to avoid an error.
|    Use char because int might match the return type of a GCC
|    builtin and then its argument prototype would still apply.  */
| #ifdef __cplusplus
| extern "C"
| #endif
| char cusparseGetVersion ();
| int
| main ()
| {
| return cusparseGetVersion ();
|   ;
|   return 0;
| }
configure:3596: /usr/bin/gcc -o conftest   -I/usr/local/cuda/include   -L/usr/local/cuda/lib64  conftest.c -lcusparse  -lcublas  >&5
configure:3596: $? = 0
configure:3613: result: -lcusparse
configure:3784: creating ./config.status

## ---------------------- ##
## Running config.status. ##
## ---------------------- ##

This file was extended by Haskell CUDA BLAS bindings config.status 0.1.0.0, which was
generated by GNU Autoconf 2.69.  Invocation command line was

  CONFIG_FILES    = 
  CONFIG_HEADERS  = 
  CONFIG_LINKS    = 
  CONFIG_COMMANDS = 
  $ ./config.status 

on desktop2

config.status:742: creating cublas.buildinfo
configure:4785: WARNING: unrecognized options: --with-compiler

## ---------------- ##
## Cache variables. ##
## ---------------- ##

ac_cv_build=x86_64-unknown-linux-gnu
ac_cv_c_compiler_gnu=yes
ac_cv_env_CC_set=set
ac_cv_env_CC_value=/usr/bin/gcc
ac_cv_env_CFLAGS_set=set
ac_cv_env_CFLAGS_value=
ac_cv_env_CPPFLAGS_set=set
ac_cv_env_CPPFLAGS_value=
ac_cv_env_CPP_set=
ac_cv_env_CPP_value=
ac_cv_env_LDFLAGS_set=set
ac_cv_env_LDFLAGS_value=
ac_cv_env_LIBS_set=
ac_cv_env_LIBS_value=
ac_cv_env_build_alias_set=
ac_cv_env_build_alias_value=
ac_cv_env_host_alias_set=
ac_cv_env_host_alias_value=
ac_cv_env_target_alias_set=
ac_cv_env_target_alias_value=
ac_cv_header_cublas_v2_h=yes
ac_cv_header_cusparse_v2_h=yes
ac_cv_header_inttypes_h=yes
ac_cv_header_memory_h=yes
ac_cv_header_stdc=yes
ac_cv_header_stdint_h=yes
ac_cv_header_stdlib_h=yes
ac_cv_header_string_h=yes
ac_cv_header_strings_h=yes
ac_cv_header_sys_stat_h=yes
ac_cv_header_sys_types_h=yes
ac_cv_header_unistd_h=yes
ac_cv_host=x86_64-unknown-linux-gnu
ac_cv_objext=o
ac_cv_path_EGREP='/bin/grep -E'
ac_cv_path_GREP=/bin/grep
ac_cv_path_NVCC=/usr/local/cuda/bin/nvcc
ac_cv_prog_CPP='/usr/bin/gcc -E'
ac_cv_prog_ac_ct_CC=/usr/bin/gcc
ac_cv_prog_cc_c89=
ac_cv_prog_cc_g=yes
ac_cv_search_cublasGetVersion=-lcublas
ac_cv_search_cusparseGetVersion=-lcusparse
ac_cv_target=x86_64-unknown-linux-gnu

## ----------------- ##
## Output variables. ##
## ----------------- ##

CC='/usr/bin/gcc'
CFLAGS=''
CPP='/usr/bin/gcc -E'
CPPFLAGS=' -I/usr/local/cuda/include '
DEFS='-DPACKAGE_NAME=\"Haskell\ CUDA\ BLAS\ bindings\" -DPACKAGE_TARNAME=\"cublas\" -DPACKAGE_VERSION=\"0.1.0.0\" -DPACKAGE_STRING=\"Haskell\ CUDA\ BLAS\ bindings\ 0.1.0.0\" -DPACKAGE_BUGREPORT=\"tmcdonell@cse.unsw.edu.au\" -DPACKAGE_URL=\"\" -DSTDC_HEADERS=1 -DHAVE_SYS_TYPES_H=1 -DHAVE_SYS_STAT_H=1 -DHAVE_STDLIB_H=1 -DHAVE_STRING_H=1 -DHAVE_MEMORY_H=1 -DHAVE_STRINGS_H=1 -DHAVE_INTTYPES_H=1 -DHAVE_STDINT_H=1 -DHAVE_UNISTD_H=1 -DHAVE_CUBLAS_V2_H=1 -DHAVE_CUSPARSE_V2_H=1'
ECHO_C=''
ECHO_N='-n'
ECHO_T=''
EGREP='/bin/grep -E'
EXEEXT=''
GREP='/bin/grep'
LDFLAGS=' -L/usr/local/cuda/lib64 '
LIBOBJS=''
LIBS='-lcusparse -lcublas '
LTLIBOBJS=''
NVCC='/usr/local/cuda/bin/nvcc'
OBJEXT='o'
PACKAGE_BUGREPORT='tmcdonell@cse.unsw.edu.au'
PACKAGE_NAME='Haskell CUDA BLAS bindings'
PACKAGE_STRING='Haskell CUDA BLAS bindings 0.1.0.0'
PACKAGE_TARNAME='cublas'
PACKAGE_URL=''
PACKAGE_VERSION='0.1.0.0'
PATH_SEPARATOR=':'
SHELL='/bin/bash'
ac_ct_CC='/usr/bin/gcc'
bindir='/storage/home/james/haskell/symdiff/.cabal-sandbox/bin'
build='x86_64-unknown-linux-gnu'
build_alias=''
build_cpu='x86_64'
build_os='linux-gnu'
build_vendor='unknown'
cuda_c2hsflags='--cpp=/usr/local/cuda/bin/nvcc --cppopts=-E '
cuda_cppflags=' -I/usr/local/cuda/include  '
cuda_dir='/usr/local/cuda/include'
cuda_ldflags=' -L/usr/local/cuda/lib64  -lcusparse -lcublas  '
cuda_lib_dir='/usr/local/cuda/lib64'
datadir='/storage/home/james/haskell/symdiff/.cabal-sandbox/share'
datarootdir='${prefix}/share'
docdir='${datarootdir}/doc/${PACKAGE_TARNAME}'
dvidir='${docdir}'
exec_prefix='${prefix}'
host='x86_64-unknown-linux-gnu'
host_alias=''
host_cpu='x86_64'
host_os='linux-gnu'
host_vendor='unknown'
htmldir='${docdir}'
includedir='${prefix}/include'
infodir='${datarootdir}/info'
libdir='/storage/home/james/haskell/symdiff/.cabal-sandbox/lib'
libexecdir='/storage/home/james/haskell/symdiff/.cabal-sandbox/libexec'
localedir='${datarootdir}/locale'
localstatedir='${prefix}/var'
mandir='${datarootdir}/man'
oldincludedir='/usr/include'
pdfdir='${docdir}'
prefix='/storage/home/james/haskell/symdiff/.cabal-sandbox'
program_transform_name='s,x,x,'
psdir='${docdir}'
sbindir='${exec_prefix}/sbin'
sharedstatedir='${prefix}/com'
sysconfdir='/storage/home/james/haskell/symdiff/.cabal-sandbox/etc'
target='x86_64-unknown-linux-gnu'
target_alias=''
target_cpu='x86_64'
target_os='linux-gnu'
target_vendor='unknown'

## ----------- ##
## confdefs.h. ##
## ----------- ##

/* confdefs.h */
#define PACKAGE_NAME "Haskell CUDA BLAS bindings"
#define PACKAGE_TARNAME "cublas"
#define PACKAGE_VERSION "0.1.0.0"
#define PACKAGE_STRING "Haskell CUDA BLAS bindings 0.1.0.0"
#define PACKAGE_BUGREPORT "tmcdonell@cse.unsw.edu.au"
#define PACKAGE_URL ""
#define STDC_HEADERS 1
#define HAVE_SYS_TYPES_H 1
#define HAVE_SYS_STAT_H 1
#define HAVE_STDLIB_H 1
#define HAVE_STRING_H 1
#define HAVE_MEMORY_H 1
#define HAVE_STRINGS_H 1
#define HAVE_INTTYPES_H 1
#define HAVE_STDINT_H 1
#define HAVE_UNISTD_H 1
#define HAVE_CUBLAS_V2_H 1
#define HAVE_CUSPARSE_V2_H 1

configure: exit 0
